Content file "./apps/site/src/assets/events/2020-11-15.md" has no content!

----------------------------------
Using stored unhandled routes!.
   To discover new routes in the angular app use "npm run scully -- --scanRoutes"
----------------------------------Content file "./apps/site/src/assets/events/2020-11-15.md" has no content!

Content file "./apps/site/src/assets/events/2020-11-15.md" has no content!
Content file "./apps/site/src/assets/events/2020-11-15.md" has no content!
Content file "./apps/site/src/assets/events/2020-11-15.md" has no content!
Content file "./apps/site/src/assets/events/2020-11-15.md" has no content!
Content file "./apps/site/src/assets/events/2020-11-15.md" has no content!
Content file "./apps/site/src/assets/events/2020-11-15.md" has no content!
Content file "./apps/site/src/assets/events/2020-11-15.md" has no content!
Content file "./apps/site/src/assets/events/2020-11-15.md" has no content!
Content file "./apps/site/src/assets/events/2020-11-15.md" has no content!
Content file "./apps/site/src/assets/events/2020-11-15.md" has no content!
Content file "./apps/site/src/assets/events/2020-11-15.md" has no content!
Content file "./apps/site/src/assets/events/2020-11-15.md" has no content!
Content file "./apps/site/src/assets/events/2020-11-15.md" has no content!
Content file "./apps/site/src/assets/events/2020-11-15.md" has no content!
Content file "./apps/site/src/assets/events/2020-11-15.md" has no content!
Content file "./apps/site/src/assets/events/2020-11-15.md" has no content!
Content file "./apps/site/src/assets/events/2020-11-15.md" has no content!
Content file "./apps/site/src/assets/events/2020-11-15.md" has no content!
Content file "./apps/site/src/assets/events/2020-11-15.md" has no content!

----------------------------------
Using stored unhandled routes!.
   To discover new routes in the angular app use "npm run scully -- --scanRoutes"
----------------------------------Content file "./apps/site/src/assets/events/2020-11-15.md" has no content!

Content file "./apps/site/src/assets/events/2020-11-15.md" has no content!
Received Kill command

----------------------------------
Using stored unhandled routes!.
   To discover new routes in the angular app use "npm run scully -- --scanRoutes"
----------------------------------Content file "./apps/site/src/assets/events/2020-11-15.md" has no content!

Content file "./apps/site/src/assets/events/2020-11-15.md" has no content!
Content file "./apps/site/src/assets/events/2020-11-15.md" has no content!
Content file "./apps/site/src/assets/events/2020-11-15.md" has no content!
Content file "./apps/site/src/assets/events/2020-11-15.md" has no content!
Content file "./apps/site/src/assets/events/2020-11-15.md" has no content!
Content file "./apps/site/src/assets/events/2020-11-15.md" has no content!
Content file "./apps/site/src/assets/events/2020-11-15.md" has no content!
Content file "./apps/site/src/assets/events/2020-11-15.md" has no content!
Content file "./apps/site/src/assets/events/2020-11-15.md" has no content!
Content file "./apps/site/src/assets/events/2020-11-15.md" has no content!
Content file "./apps/site/src/assets/events/2020-11-15.md" has no content!
Content file "./apps/site/src/assets/events/2020-11-15.md" has no content!
Content file "./apps/site/src/assets/events/2020-11-15.md" has no content!
Content file "./apps/site/src/assets/events/2020-11-15.md" has no content!
Content file "./apps/site/src/assets/events/2020-11-15.md" has no content!
Content file "./apps/site/src/assets/events/2020-11-15.md" has no content!
Content file "./apps/site/src/assets/events/2020-11-15.md" has no content!
Content file "./apps/site/src/assets/events/2020-11-15.md" has no content!
Content file "./apps/site/src/assets/events/2020-11-15.md" has no content!
Content file "./apps/site/src/assets/events/2020-11-15.md" has no content!
Content file "./apps/site/src/assets/events/2020-11-15.md" has no content!
Content file "./apps/site/src/assets/events/2020-11-15.md" has no content!
Content file "./apps/site/src/assets/events/2020-11-15.md" has no content!
Content file "./apps/site/src/assets/events/2020-11-15.md" has no content!
Content file "./apps/site/src/assets/events/2020-11-15.md" has no content!
Content file "./apps/site/src/assets/events/2020-11-15.md" has no content!
Content file "./apps/site/src/assets/events/2020-11-15.md" has no content!
Content file "./apps/site/src/assets/events/2020-11-15.md" has no content!
Content file "./apps/site/src/assets/events/2020-11-15.md" has no content!
Content file "./apps/site/src/assets/events/2020-11-15.md" has no content!
Content file "./apps/site/src/assets/events/2020-11-15.md" has no content!
Content file "./apps/site/src/assets/events/2020-11-15.md" has no content!
Content file "./apps/site/src/assets/events/2020-11-15.md" has no content!
Content file "./apps/site/src/assets/events/2020-11-15.md" has no content!
Content file "./apps/site/src/assets/events/2020-11-15.md" has no content!
Content file "./apps/site/src/assets/events/2020-11-15.md" has no content!
Content file "./apps/site/src/assets/events/2020-11-15.md" has no content!
Content file "./apps/site/src/assets/events/2020-11-15.md" has no content!
Content file "./apps/site/src/assets/events/2020-11-15.md" has no content!
Content file "./apps/site/src/assets/events/2020-11-15.md" has no content!
Content file "./apps/site/src/assets/events/2020-11-15.md" has no content!
Content file "./apps/site/src/assets/events/2020-11-15.md" has no content!
Content file "./apps/site/src/assets/events/2020-11-15.md" has no content!
Content file "./apps/site/src/assets/events/2020-11-15.md" has no content!
Content file "./apps/site/src/assets/events/2020-11-15.md" has no content!
Content file "./apps/site/src/assets/events/2020-11-15.md" has no content!
Content file "./apps/site/src/assets/events/2020-11-15.md" has no content!
Content file "./apps/site/src/assets/events/2020-11-15.md" has no content!
Content file "./apps/site/src/assets/events/2020-11-15.md" has no content!
Content file "./apps/site/src/assets/events/2020-11-15.md" has no content!
Content file "./apps/site/src/assets/events/2020-11-15.md" has no content!
Content file "./apps/site/src/assets/events/2020-11-15.md" has no content!
Content file "./apps/site/src/assets/events/2020-11-15.md" has no content!
Content file "./apps/site/src/assets/events/2020-11-15.md" has no content!
Content file "./apps/site/src/assets/events/2020-11-15.md" has no content!
Content file "./apps/site/src/assets/events/2020-11-15.md" has no content!
Content file "./apps/site/src/assets/events/2020-11-15.md" has no content!
Content file "./apps/site/src/assets/events/2020-11-15.md" has no content!
Content file "./apps/site/src/assets/events/2020-11-15.md" has no content!
Content file "./apps/site/src/assets/events/2020-11-15.md" has no content!
Content file "./apps/site/src/assets/events/2020-11-15.md" has no content!
Content file "./apps/site/src/assets/events/2020-11-15.md" has no content!
Content file "./apps/site/src/assets/events/2020-11-15.md" has no content!
Content file "./apps/site/src/assets/events/2020-11-15.md" has no content!
Content file "./apps/site/src/assets/events/2020-11-15.md" has no content!
Content file "./apps/site/src/assets/events/2020-11-15.md" has no content!
Content file "./apps/site/src/assets/events/2020-11-15.md" has no content!
Content file "./apps/site/src/assets/events/2020-11-15.md" has no content!
Content file "./apps/site/src/assets/events/2020-11-15.md" has no content!
Content file "./apps/site/src/assets/events/2020-11-15.md" has no content!
Content file "./apps/site/src/assets/events/2020-11-15.md" has no content!
Content file "./apps/site/src/assets/events/2020-11-15.md" has no content!
Content file "./apps/site/src/assets/events/2020-11-15.md" has no content!
Content file "./apps/site/src/assets/events/2020-11-15.md" has no content!
Content file "./apps/site/src/assets/events/2020-11-15.md" has no content!
Content file "./apps/site/src/assets/events/2020-11-15.md" has no content!
Content file "./apps/site/src/assets/events/2020-11-15.md" has no content!
Content file "./apps/site/src/assets/events/2020-11-15.md" has no content!
Content file "./apps/site/src/assets/events/2020-11-15.md" has no content!
Content file "./apps/site/src/assets/events/2020-11-15.md" has no content!
Content file "./apps/site/src/assets/events/2020-11-15.md" has no content!
Content file "./apps/site/src/assets/events/2020-11-15.md" has no content!
Content file "./apps/site/src/assets/events/2020-11-15.md" has no content!
Content file "./apps/site/src/assets/events/2020-11-15.md" has no content!
Content file "./apps/site/src/assets/events/2020-11-15.md" has no content!
Content file "./apps/site/src/assets/events/2020-11-15.md" has no content!
Content file "./apps/site/src/assets/events/2020-11-15.md" has no content!

----------------------------------
Using stored unhandled routes!.
   To discover new routes in the angular app use "npm run scully -- --scanRoutes"
----------------------------------
----------------------------------
Using stored unhandled routes!.
   To discover new routes in the angular app use "npm run scully -- --scanRoutes"
----------------------------------
----------------------------------
Using stored unhandled routes!.
   To discover new routes in the angular app use "npm run scully -- --scanRoutes"
----------------------------------Content file "./apps/site/src/assets/events/2020-11-15.md" has no content!

Content file "./apps/site/src/assets/events/2020-11-15.md" has no content!
Content file "./apps/site/src/assets/events/2020-11-15.md" has no content!
Content file "./apps/site/src/assets/events/2020-11-15.md" has no content!
Content file "./apps/site/src/assets/events/2020-11-15.md" has no content!
Content file "./apps/site/src/assets/events/2020-11-15.md" has no content!
Content file "./apps/site/src/assets/events/2020-11-15.md" has no content!
Content file "./apps/site/src/assets/events/2020-11-15.md" has no content!
Content file "./apps/site/src/assets/events/2020-11-15.md" has no content!
Content file "./apps/site/src/assets/events/2020-11-15.md" has no content!
Content file "./apps/site/src/assets/events/2020-11-15.md" has no content!
Content file "./apps/site/src/assets/events/2020-11-15.md" has no content!
Content file "./apps/site/src/assets/events/2020-11-15.md" has no content!
Content file "./apps/site/src/assets/events/2020-11-15.md" has no content!
Content file "./apps/site/src/assets/events/2020-11-15.md" has no content!
Content file "./apps/site/src/assets/events/2020-11-15.md" has no content!
Content file "./apps/site/src/assets/events/2020-11-15.md" has no content!
Content file "./apps/site/src/assets/events/2020-11-15.md" has no content!
Content file "./apps/site/src/assets/events/2020-11-15.md" has no content!
Content file "./apps/site/src/assets/events/2020-11-15.md" has no content!
Content file "./apps/site/src/assets/events/2020-11-15.md" has no content!
Content file "./apps/site/src/assets/events/2020-11-15.md" has no content!
Content file "./apps/site/src/assets/events/2020-11-15.md" has no content!
Content file "./apps/site/src/assets/events/2020-11-15.md" has no content!
Content file "./apps/site/src/assets/events/2020-11-15.md" has no content!
Content file "./apps/site/src/assets/events/2020-11-15.md" has no content!
Content file "./apps/site/src/assets/events/2020-11-15.md" has no content!
Content file "./apps/site/src/assets/events/2020-11-15.md" has no content!
The file ./apps/site/src/assets/events/2020-11-15.md is empty, scully will ignore.
Content file "./apps/site/src/assets/events/2020-11-15.md" has no content!
Content file "./apps/site/src/assets/events/2020-11-15.md" has no content!
Content file "./apps/site/src/assets/events/2020-11-15.md" has no content!
Content file "./apps/site/src/assets/events/2020-11-15.md" has no content!
Content file "./apps/site/src/assets/events/2020-11-15.md" has no content!
Content file "./apps/site/src/assets/events/2020-11-15.md" has no content!
Content file "./apps/site/src/assets/events/2020-11-15.md" has no content!
Content file "./apps/site/src/assets/events/2020-11-15.md" has no content!
Content file "./apps/site/src/assets/events/2020-11-15.md" has no content!
Content file "./apps/site/src/assets/events/2020-11-15.md" has no content!
Content file "./apps/site/src/assets/events/2020-11-15.md" has no content!
Content file "./apps/site/src/assets/events/2020-11-15.md" has no content!
Content file "./apps/site/src/assets/events/2020-11-15.md" has no content!
Content file "./apps/site/src/assets/events/2020-11-15.md" has no content!
Content file "./apps/site/src/assets/events/2020-11-15.md" has no content!
Content file "./apps/site/src/assets/events/2020-11-15.md" has no content!
Content file "./apps/site/src/assets/events/2020-11-15.md" has no content!
Content file "./apps/site/src/assets/events/2020-11-15.md" has no content!
Content file "./apps/site/src/assets/events/2020-11-15.md" has no content!
Content file "./apps/site/src/assets/events/2020-11-15.md" has no content!
Content file "./apps/site/src/assets/events/2020-11-15.md" has no content!
Content file "./apps/site/src/assets/events/2020-11-15.md" has no content!
Content file "./apps/site/src/assets/events/2020-11-15.md" has no content!
Content file "./apps/site/src/assets/events/2020-11-15.md" has no content!
Content file "./apps/site/src/assets/events/2020-11-15.md" has no content!
Content file "./apps/site/src/assets/events/2020-11-15.md" has no content!
Content file "./apps/site/src/assets/events/2020-11-15.md" has no content!
Content file "./apps/site/src/assets/events/2020-11-15.md" has no content!
The file ./apps/site/src/assets/events/2020-11-15.md is empty, scully will ignore.
Content file "./apps/site/src/assets/events/2020-11-15.md" has no content!
Content file "./apps/site/src/assets/events/2020-11-15.md" has no content!
Content file "./apps/site/src/assets/events/2020-11-15.md" has no content!
Content file "./apps/site/src/assets/events/2020-11-15.md" has no content!

----------------------------------
Using stored unhandled routes!.
   To discover new routes in the angular app use "npm run scully -- --scanRoutes"
----------------------------------Content file "./apps/site/src/assets/events/2020-11-15.md" has no content!

Content file "./apps/site/src/assets/events/2020-11-15.md" has no content!
Content file "./apps/site/src/assets/events/2020-11-15.md" has no content!
Content file "./apps/site/src/assets/events/2020-11-15.md" has no content!
Content file "./apps/site/src/assets/events/2020-11-15.md" has no content!
Content file "./apps/site/src/assets/events/2020-11-15.md" has no content!
Content file "./apps/site/src/assets/events/2020-11-15.md" has no content!
Content file "./apps/site/src/assets/events/2020-11-15.md" has no content!
Content file "./apps/site/src/assets/events/2020-11-15.md" has no content!
Content file "./apps/site/src/assets/events/2020-11-15.md" has no content!
Content file "./apps/site/src/assets/events/2020-11-15.md" has no content!
Content file "./apps/site/src/assets/events/2020-11-15.md" has no content!
Content file "./apps/site/src/assets/events/2020-11-15.md" has no content!
Content file "./apps/site/src/assets/events/2020-11-15.md" has no content!
Content file "./apps/site/src/assets/events/2020-11-15.md" has no content!
Content file "./apps/site/src/assets/events/2020-11-15.md" has no content!
Content file "./apps/site/src/assets/events/2020-11-15.md" has no content!
Content file "./apps/site/src/assets/events/2020-11-15.md" has no content!
Content file "./apps/site/src/assets/events/2020-11-15.md" has no content!
Content file "./apps/site/src/assets/events/2020-11-15.md" has no content!
Content file "./apps/site/src/assets/events/2020-11-15.md" has no content!
Content file "./apps/site/src/assets/events/2020-11-15.md" has no content!
Content file "./apps/site/src/assets/events/2020-11-15.md" has no content!
Content file "./apps/site/src/assets/events/2020-11-15.md" has no content!
Content file "./apps/site/src/assets/events/2020-11-15.md" has no content!
Content file "./apps/site/src/assets/events/2020-11-15.md" has no content!
Content file "./apps/site/src/assets/events/2020-11-15.md" has no content!
Content file "./apps/site/src/assets/events/2020-11-15.md" has no content!
Content file "./apps/site/src/assets/events/2020-11-15.md" has no content!
Content file "./apps/site/src/assets/events/2020-11-15.md" has no content!
Content file "./apps/site/src/assets/events/2020-11-15.md" has no content!
Content file "./apps/site/src/assets/events/2020-11-15.md" has no content!
Content file "./apps/site/src/assets/events/2020-11-15.md" has no content!
Content file "./apps/site/src/assets/events/2020-11-15.md" has no content!
Content file "./apps/site/src/assets/events/2020-11-15.md" has no content!
Content file "./apps/site/src/assets/events/2020-11-15.md" has no content!
Content file "./apps/site/src/assets/events/2020-11-15.md" has no content!
Content file "./apps/site/src/assets/events/2020-11-15.md" has no content!
Content file "./apps/site/src/assets/events/2020-11-15.md" has no content!
Content file "./apps/site/src/assets/events/2020-11-15.md" has no content!
Content file "./apps/site/src/assets/events/2020-11-15.md" has no content!
Content file "./apps/site/src/assets/events/2020-11-15.md" has no content!
Content file "./apps/site/src/assets/events/2020-11-15.md" has no content!
Content file "./apps/site/src/assets/events/2020-11-15.md" has no content!
Content file "./apps/site/src/assets/events/2020-11-15.md" has no content!
Content file "./apps/site/src/assets/events/2020-11-15.md" has no content!
Content file "./apps/site/src/assets/events/2020-11-15.md" has no content!
Content file "./apps/site/src/assets/events/2020-11-15.md" has no content!
Content file "./apps/site/src/assets/events/2020-11-15.md" has no content!
Content file "./apps/site/src/assets/events/2020-11-15.md" has no content!
Content file "./apps/site/src/assets/events/2020-11-15.md" has no content!
Content file "./apps/site/src/assets/events/2020-11-15.md" has no content!
Content file "./apps/site/src/assets/events/2020-11-15.md" has no content!
Content file "./apps/site/src/assets/events/2020-11-15.md" has no content!
Content file "./apps/site/src/assets/events/2020-11-15.md" has no content!
Content file "./apps/site/src/assets/events/2020-11-15.md" has no content!
Content file "./apps/site/src/assets/events/2020-11-15.md" has no content!
Content file "./apps/site/src/assets/events/2020-11-15.md" has no content!
Content file "./apps/site/src/assets/events/2020-11-15.md" has no content!
Content file "./apps/site/src/assets/events/2020-11-15.md" has no content!
Content file "./apps/site/src/assets/events/2020-11-15.md" has no content!
Content file "./apps/site/src/assets/events/2020-11-15.md" has no content!
Content file "./apps/site/src/assets/events/2020-11-15.md" has no content!
Content file "./apps/site/src/assets/events/2020-11-15.md" has no content!
Content file "./apps/site/src/assets/events/2020-11-15.md" has no content!
Content file "./apps/site/src/assets/events/2020-11-15.md" has no content!
Content file "./apps/site/src/assets/events/2020-11-15.md" has no content!
Content file "./apps/site/src/assets/events/2020-11-15.md" has no content!
Content file "./apps/site/src/assets/events/2020-11-15.md" has no content!
Content file "./apps/site/src/assets/events/2020-11-15.md" has no content!
Content file "./apps/site/src/assets/events/2020-11-15.md" has no content!
Content file "./apps/site/src/assets/events/2020-11-15.md" has no content!
Content file "./apps/site/src/assets/events/2020-11-15.md" has no content!
Content file "./apps/site/src/assets/events/2020-11-15.md" has no content!
Content file "./apps/site/src/assets/events/2020-11-15.md" has no content!
Content file "./apps/site/src/assets/events/2020-11-15.md" has no content!
Content file "./apps/site/src/assets/events/2020-11-15.md" has no content!
Content file "./apps/site/src/assets/events/2020-11-15.md" has no content!
Content file "./apps/site/src/assets/events/2020-11-15.md" has no content!
Content file "./apps/site/src/assets/events/2020-11-15.md" has no content!
Content file "./apps/site/src/assets/events/2020-11-15.md" has no content!
Content file "./apps/site/src/assets/events/2020-11-15.md" has no content!
Content file "./apps/site/src/assets/events/2020-11-15.md" has no content!
Content file "./apps/site/src/assets/events/2020-11-15.md" has no content!
Content file "./apps/site/src/assets/events/2020-11-15.md" has no content!
Content file "./apps/site/src/assets/events/2020-11-15.md" has no content!
Content file "./apps/site/src/assets/events/2020-11-15.md" has no content!
Content file "./apps/site/src/assets/events/2020-11-15.md" has no content!
Content file "./apps/site/src/assets/events/2020-11-15.md" has no content!
Content file "./apps/site/src/assets/events/2020-11-15.md" has no content!
Content file "./apps/site/src/assets/events/2020-11-15.md" has no content!
Content file "./apps/site/src/assets/events/2020-11-15.md" has no content!
Content file "./apps/site/src/assets/events/2020-11-15.md" has no content!
Content file "./apps/site/src/assets/events/2020-11-15.md" has no content!
Content file "./apps/site/src/assets/events/2020-11-15.md" has no content!
Content file "./apps/site/src/assets/events/2020-11-15.md" has no content!
Content file "./apps/site/src/assets/events/2020-11-15.md" has no content!
Content file "./apps/site/src/assets/events/2020-11-15.md" has no content!
Content file "./apps/site/src/assets/events/2020-11-15.md" has no content!
Content file "./apps/site/src/assets/events/2020-11-15.md" has no content!
Content file "./apps/site/src/assets/events/2020-11-15.md" has no content!
Content file "./apps/site/src/assets/events/2020-11-15.md" has no content!
Content file "./apps/site/src/assets/events/2020-11-15.md" has no content!
Content file "./apps/site/src/assets/events/2020-11-15.md" has no content!
Content file "./apps/site/src/assets/events/2020-11-15.md" has no content!
Content file "./apps/site/src/assets/events/2020-11-15.md" has no content!
Content file "./apps/site/src/assets/events/2020-11-15.md" has no content!
Content file "./apps/site/src/assets/events/2020-11-15.md" has no content!
Content file "./apps/site/src/assets/events/2020-11-15.md" has no content!
Content file "./apps/site/src/assets/events/2020-11-15.md" has no content!
Content file "./apps/site/src/assets/events/2020-11-15.md" has no content!
Content file "./apps/site/src/assets/events/2020-11-15.md" has no content!
Content file "./apps/site/src/assets/events/2020-11-15.md" has no content!
Content file "./apps/site/src/assets/events/2020-11-15.md" has no content!
Content file "./apps/site/src/assets/events/2020-11-15.md" has no content!
Content file "./apps/site/src/assets/events/2020-11-15.md" has no content!
Received Kill command
Received Kill command

----------------------------------
Using stored unhandled routes!.
   To discover new routes in the angular app use "npm run scully -- --scanRoutes"
----------------------------------
The file ./apps/site/src/assets/events/2020-11-15.md is empty, scully will ignore.

----------------------------------
Using stored unhandled routes!.
   To discover new routes in the angular app use "npm run scully -- --scanRoutes"
----------------------------------
----------------------------------
Using stored unhandled routes!.
   To discover new routes in the angular app use "npm run scully -- --scanRoutes"
----------------------------------
Content file "./apps/site/src/assets/events/2020-11-15.md" has no content!
Content file "./apps/site/src/assets/events/2020-11-15.md" has no content!
Content file "./apps/site/src/assets/events/2020-11-15.md" has no content!
Content file "./apps/site/src/assets/events/2020-11-15.md" has no content!
Content file "./apps/site/src/assets/events/2020-11-15.md" has no content!
Content file "./apps/site/src/assets/events/2020-11-15.md" has no content!
Content file "./apps/site/src/assets/events/2020-11-15.md" has no content!
Content file "./apps/site/src/assets/events/2020-11-15.md" has no content!
Content file "./apps/site/src/assets/events/2020-11-15.md" has no content!
Content file "./apps/site/src/assets/events/2020-11-15.md" has no content!
Content file "./apps/site/src/assets/events/2020-11-15.md" has no content!
Content file "./apps/site/src/assets/events/2020-11-15.md" has no content!
Content file "./apps/site/src/assets/events/2020-11-15.md" has no content!
Content file "./apps/site/src/assets/events/2020-11-15.md" has no content!
Content file "./apps/site/src/assets/events/2020-11-15.md" has no content!
Content file "./apps/site/src/assets/events/2020-11-15.md" has no content!
Content file "./apps/site/src/assets/events/2020-11-15.md" has no content!
Content file "./apps/site/src/assets/events/2020-11-15.md" has no content!
Content file "./apps/site/src/assets/events/2020-11-15.md" has no content!
Content file "./apps/site/src/assets/events/2020-11-15.md" has no content!
Content file "./apps/site/src/assets/events/2020-11-15.md" has no content!
Content file "./apps/site/src/assets/events/2020-11-15.md" has no content!

----------------------------------
Using stored unhandled routes!.
   To discover new routes in the angular app use "npm run scully -- --scanRoutes"
----------------------------------
----------------------------------
Using stored unhandled routes!.
   To discover new routes in the angular app use "npm run scully -- --scanRoutes"
----------------------------------Content file "./apps/site/src/assets/events/2020-11-15.md" has no content!

Content file "./apps/site/src/assets/events/2020-11-15.md" has no content!
Content file "./apps/site/src/assets/events/2020-11-15.md" has no content!
Content file "./apps/site/src/assets/events/2020-11-15.md" has no content!
Content file "./apps/site/src/assets/events/2020-11-15.md" has no content!
Content file "./apps/site/src/assets/events/2020-11-15.md" has no content!
Content file "./apps/site/src/assets/events/2020-11-15.md" has no content!
Content file "./apps/site/src/assets/events/2020-11-15.md" has no content!
Content file "./apps/site/src/assets/events/2020-11-15.md" has no content!
Content file "./apps/site/src/assets/events/2020-11-15.md" has no content!
Content file "./apps/site/src/assets/events/2020-11-15.md" has no content!
Content file "./apps/site/src/assets/events/2020-11-15.md" has no content!
Content file "./apps/site/src/assets/events/2020-11-15.md" has no content!
Content file "./apps/site/src/assets/events/2020-11-15.md" has no content!
Content file "./apps/site/src/assets/events/2020-11-15.md" has no content!
Content file "./apps/site/src/assets/events/2020-11-15.md" has no content!
Content file "./apps/site/src/assets/events/2020-11-15.md" has no content!
Content file "./apps/site/src/assets/events/2020-11-15.md" has no content!
Content file "./apps/site/src/assets/events/2020-11-15.md" has no content!
Content file "./apps/site/src/assets/events/2020-11-15.md" has no content!
Content file "./apps/site/src/assets/events/2020-11-15.md" has no content!
Content file "./apps/site/src/assets/events/2020-11-15.md" has no content!
Content file "./apps/site/src/assets/events/2020-11-15.md" has no content!
Content file "./apps/site/src/assets/events/2020-11-15.md" has no content!
Content file "./apps/site/src/assets/events/2020-11-15.md" has no content!
Content file "./apps/site/src/assets/events/2020-11-15.md" has no content!
Content file "./apps/site/src/assets/events/2020-11-15.md" has no content!
Content file "./apps/site/src/assets/events/2020-11-15.md" has no content!
Content file "./apps/site/src/assets/events/2020-11-15.md" has no content!
Content file "./apps/site/src/assets/events/2020-11-15.md" has no content!
Content file "./apps/site/src/assets/events/2020-11-15.md" has no content!
Content file "./apps/site/src/assets/events/2020-11-15.md" has no content!
Content file "./apps/site/src/assets/events/2020-11-15.md" has no content!
Content file "./apps/site/src/assets/events/2020-11-15.md" has no content!
Content file "./apps/site/src/assets/events/2020-11-15.md" has no content!
Content file "./apps/site/src/assets/events/2020-11-15.md" has no content!
Content file "./apps/site/src/assets/events/2020-11-15.md" has no content!
Content file "./apps/site/src/assets/events/2020-11-15.md" has no content!
Content file "./apps/site/src/assets/events/2020-11-15.md" has no content!
Content file "./apps/site/src/assets/events/2020-11-15.md" has no content!
Content file "./apps/site/src/assets/events/2020-11-15.md" has no content!
Content file "./apps/site/src/assets/events/2020-11-15.md" has no content!
Content file "./apps/site/src/assets/events/2020-11-15.md" has no content!
Content file "./apps/site/src/assets/events/2020-11-15.md" has no content!
Content file "./apps/site/src/assets/events/2020-11-15.md" has no content!
Content file "./apps/site/src/assets/events/2020-11-15.md" has no content!
Content file "./apps/site/src/assets/events/2020-11-15.md" has no content!
Content file "./apps/site/src/assets/events/2020-11-15.md" has no content!
Content file "./apps/site/src/assets/events/2020-11-15.md" has no content!
Content file "./apps/site/src/assets/events/2020-11-15.md" has no content!
Content file "./apps/site/src/assets/events/2020-11-15.md" has no content!
Content file "./apps/site/src/assets/events/2020-11-15.md" has no content!
Content file "./apps/site/src/assets/events/2020-11-15.md" has no content!
Content file "./apps/site/src/assets/events/2020-11-15.md" has no content!
Content file "./apps/site/src/assets/events/2020-11-15.md" has no content!
Content file "./apps/site/src/assets/events/2020-11-15.md" has no content!
Content file "./apps/site/src/assets/events/2020-11-15.md" has no content!
Content file "./apps/site/src/assets/events/2020-11-15.md" has no content!
Content file "./apps/site/src/assets/events/2020-11-15.md" has no content!
Content file "./apps/site/src/assets/events/2020-11-15.md" has no content!
Content file "./apps/site/src/assets/events/2020-11-15.md" has no content!
Content file "./apps/site/src/assets/events/2020-11-15.md" has no content!
Content file "./apps/site/src/assets/events/2020-11-15.md" has no content!
Content file "./apps/site/src/assets/events/2020-11-15.md" has no content!
Content file "./apps/site/src/assets/events/2020-11-15.md" has no content!
Content file "./apps/site/src/assets/events/2020-11-15.md" has no content!
Content file "./apps/site/src/assets/events/2020-11-15.md" has no content!
Content file "./apps/site/src/assets/events/2020-11-15.md" has no content!
Content file "./apps/site/src/assets/events/2020-11-15.md" has no content!
Content file "./apps/site/src/assets/events/2020-11-15.md" has no content!
Content file "./apps/site/src/assets/events/2020-11-15.md" has no content!
Content file "./apps/site/src/assets/events/2020-11-15.md" has no content!
Content file "./apps/site/src/assets/events/2020-11-15.md" has no content!
Content file "./apps/site/src/assets/events/2020-11-15.md" has no content!
Content file "./apps/site/src/assets/events/2020-11-15.md" has no content!
Content file "./apps/site/src/assets/events/2020-11-15.md" has no content!
Content file "./apps/site/src/assets/events/2020-11-15.md" has no content!
Content file "./apps/site/src/assets/events/2020-11-15.md" has no content!
Content file "./apps/site/src/assets/events/2020-11-15.md" has no content!
Content file "./apps/site/src/assets/events/2020-11-15.md" has no content!
Content file "./apps/site/src/assets/events/2020-11-15.md" has no content!
Content file "./apps/site/src/assets/events/2020-11-15.md" has no content!
Content file "./apps/site/src/assets/events/2020-11-15.md" has no content!
Content file "./apps/site/src/assets/events/2020-11-15.md" has no content!
Content file "./apps/site/src/assets/events/2020-11-15.md" has no content!
Content file "./apps/site/src/assets/events/2020-11-15.md" has no content!
Content file "./apps/site/src/assets/events/2020-11-15.md" has no content!
Content file "./apps/site/src/assets/events/2020-11-15.md" has no content!
Content file "./apps/site/src/assets/events/2020-11-15.md" has no content!
Content file "./apps/site/src/assets/events/2020-11-15.md" has no content!
Content file "./apps/site/src/assets/events/2020-11-15.md" has no content!
Content file "./apps/site/src/assets/events/2020-11-15.md" has no content!
Content file "./apps/site/src/assets/events/2020-11-15.md" has no content!
Content file "./apps/site/src/assets/events/2020-11-15.md" has no content!
Content file "./apps/site/src/assets/events/2020-11-15.md" has no content!
Content file "./apps/site/src/assets/events/2020-11-15.md" has no content!
Content file "./apps/site/src/assets/events/2020-11-15.md" has no content!
Content file "./apps/site/src/assets/events/2020-11-15.md" has no content!
Content file "./apps/site/src/assets/events/2020-11-15.md" has no content!
Content file "./apps/site/src/assets/events/2020-11-15.md" has no content!
Content file "./apps/site/src/assets/events/2020-11-15.md" has no content!
Content file "./apps/site/src/assets/events/2020-11-15.md" has no content!
